# JRE version: Java(TM) SE Runtime Environment (8.0_45-b15) (build 1.8.0_45-b15)
# Java VM: Java HotSpot(TM) 64-Bit Server VM (25.45-b02 mixed mode windows-amd64 compressed oops)
Heap:
 PSYoungGen      total 160256K, used 131191K [0x00000000eab00000, 0x00000000f6e00000, 0x0000000100000000)
  eden space 135168K, 97% used [0x00000000eab00000,0x00000000f2b1dc08,0x00000000f2f00000)
  from space 25088K, 0% used [0x00000000f2f00000,0x00000000f2f00000,0x00000000f4780000)
  to   space 28160K, 0% used [0x00000000f5280000,0x00000000f5280000,0x00000000f6e00000)
 ParOldGen       total 220672K, used 42448K [0x00000000c0000000, 0x00000000cd780000, 0x00000000eab00000)
  object space 220672K, 19% used [0x00000000c0000000,0x00000000c29740a0,0x00000000cd780000)
 Metaspace       used 49581K, capacity 51580K, committed 51584K, reserved 1093632K
  class space    used 6780K, capacity 7548K, committed 7552K, reserved 1048576K
GC Heap History (10 events):
Event: 10.473 GC heap before
{Heap before GC invocations=8 (full 2):
 PSYoungGen      total 98816K, used 88064K [0x00000000eab00000, 0x00000000f4900000, 0x0000000100000000)
  eden space 88064K, 100% used [0x00000000eab00000,0x00000000f0100000,0x00000000f0100000)
  from space 10752K, 0% used [0x00000000f0100000,0x00000000f0100000,0x00000000f0b80000)
  to   space 19456K, 0% used [0x00000000f3600000,0x00000000f3600000,0x00000000f4900000)
 ParOldGen       total 220672K, used 25992K [0x00000000c0000000, 0x00000000cd780000, 0x00000000eab00000)
  object space 220672K, 11% used [0x00000000c0000000,0x00000000c1962298,0x00000000cd780000)
 Metaspace       used 36927K, capacity 37932K, committed 38016K, reserved 1081344K
  class space    used 5096K, capacity 5443K, committed 5504K, reserved 1048576K
Event: 10.487 GC heap after
Heap after GC invocations=8 (full 2):
 PSYoungGen      total 122368K, used 10875K [0x00000000eab00000, 0x00000000f4100000, 0x0000000100000000)
  eden space 111104K, 0% used [0x00000000eab00000,0x00000000eab00000,0x00000000f1780000)
  from space 11264K, 96% used [0x00000000f3600000,0x00000000f409ee98,0x00000000f4100000)
  to   space 18432K, 0% used [0x00000000f1d00000,0x00000000f1d00000,0x00000000f2f00000)
 ParOldGen       total 220672K, used 26000K [0x00000000c0000000, 0x00000000cd780000, 0x00000000eab00000)
  object space 220672K, 11% used [0x00000000c0000000,0x00000000c1964298,0x00000000cd780000)
 Metaspace       used 36927K, capacity 37932K, committed 38016K, reserved 1081344K
  class space    used 5096K, capacity 5443K, committed 5504K, reserved 1048576K
}
Event: 16.108 GC heap before
{Heap before GC invocations=9 (full 2):
 PSYoungGen      total 122368K, used 121979K [0x00000000eab00000, 0x00000000f4100000, 0x0000000100000000)
  eden space 111104K, 100% used [0x00000000eab00000,0x00000000f1780000,0x00000000f1780000)
  from space 11264K, 96% used [0x00000000f3600000,0x00000000f409ee98,0x00000000f4100000)
  to   space 18432K, 0% used [0x00000000f1d00000,0x00000000f1d00000,0x00000000f2f00000)
 ParOldGen       total 220672K, used 26000K [0x00000000c0000000, 0x00000000cd780000, 0x00000000eab00000)
  object space 220672K, 11% used [0x00000000c0000000,0x00000000c1964298,0x00000000cd780000)
 Metaspace       used 41042K, capacity 42456K, committed 42624K, reserved 1085440K
  class space    used 5715K, capacity 6259K, committed 6272K, reserved 1048576K
Event: 16.131 GC heap after
Heap after GC invocations=9 (full 2):
 PSYoungGen      total 135168K, used 18416K [0x00000000eab00000, 0x00000000f5e00000, 0x0000000100000000)
  eden space 116736K, 0% used [0x00000000eab00000,0x00000000eab00000,0x00000000f1d00000)
  from space 18432K, 99% used [0x00000000f1d00000,0x00000000f2efc020,0x00000000f2f00000)
  to   space 23040K, 0% used [0x00000000f4780000,0x00000000f4780000,0x00000000f5e00000)
 ParOldGen       total 220672K, used 30076K [0x00000000c0000000, 0x00000000cd780000, 0x00000000eab00000)
  object space 220672K, 13% used [0x00000000c0000000,0x00000000c1d5f318,0x00000000cd780000)
 Metaspace       used 41042K, capacity 42456K, committed 42624K, reserved 1085440K
  class space    used 5715K, capacity 6259K, committed 6272K, reserved 1048576K
}
Event: 19.337 GC heap before
{Heap before GC invocations=10 (full 2):
 PSYoungGen      total 135168K, used 135152K [0x00000000eab00000, 0x00000000f5e00000, 0x0000000100000000)
  eden space 116736K, 100% used [0x00000000eab00000,0x00000000f1d00000,0x00000000f1d00000)
  from space 18432K, 99% used [0x00000000f1d00000,0x00000000f2efc020,0x00000000f2f00000)
  to   space 23040K, 0% used [0x00000000f4780000,0x00000000f4780000,0x00000000f5e00000)
 ParOldGen       total 220672K, used 30076K [0x00000000c0000000, 0x00000000cd780000, 0x00000000eab00000)
  object space 220672K, 13% used [0x00000000c0000000,0x00000000c1d5f318,0x00000000cd780000)
 Metaspace       used 42582K, capacity 44072K, committed 44288K, reserved 1087488K
  class space    used 5949K, capacity 6595K, committed 6656K, reserved 1048576K
Event: 19.358 GC heap after
Heap after GC invocations=10 (full 2):
 PSYoungGen      total 158208K, used 20489K [0x00000000eab00000, 0x00000000f6800000, 0x0000000100000000)
  eden space 135168K, 0% used [0x00000000eab00000,0x00000000eab00000,0x00000000f2f00000)
  from space 23040K, 88% used [0x00000000f4780000,0x00000000f5b826c8,0x00000000f5e00000)
  to   space 25088K, 0% used [0x00000000f2f00000,0x00000000f2f00000,0x00000000f4780000)
 ParOldGen       total 220672K, used 30084K [0x00000000c0000000, 0x00000000cd780000, 0x00000000eab00000)
  object space 220672K, 13% used [0x00000000c0000000,0x00000000c1d61318,0x00000000cd780000)
 Metaspace       used 42582K, capacity 44072K, committed 44288K, reserved 1087488K
  class space    used 5949K, capacity 6595K, committed 6656K, reserved 1048576K
}
Event: 22.480 GC heap before
{Heap before GC invocations=11 (full 2):
 PSYoungGen      total 158208K, used 114952K [0x00000000eab00000, 0x00000000f6800000, 0x0000000100000000)
  eden space 135168K, 69% used [0x00000000eab00000,0x00000000f073fab0,0x00000000f2f00000)
  from space 23040K, 88% used [0x00000000f4780000,0x00000000f5b826c8,0x00000000f5e00000)
  to   space 25088K, 0% used [0x00000000f2f00000,0x00000000f2f00000,0x00000000f4780000)
 ParOldGen       total 220672K, used 30084K [0x00000000c0000000, 0x00000000cd780000, 0x00000000eab00000)
  object space 220672K, 13% used [0x00000000c0000000,0x00000000c1d61318,0x00000000cd780000)
 Metaspace       used 48542K, capacity 50074K, committed 50304K, reserved 1091584K
  class space    used 6631K, capacity 7263K, committed 7296K, reserved 1048576K
Event: 22.509 GC heap after
Heap after GC invocations=11 (full 2):
 PSYoungGen      total 160256K, used 24890K [0x00000000eab00000, 0x00000000f6e00000, 0x0000000100000000)
  eden space 135168K, 0% used [0x00000000eab00000,0x00000000eab00000,0x00000000f2f00000)
  from space 25088K, 99% used [0x00000000f2f00000,0x00000000f474e9a0,0x00000000f4780000)
  to   space 28160K, 0% used [0x00000000f5280000,0x00000000f5280000,0x00000000f6e00000)
 ParOldGen       total 220672K, used 30092K [0x00000000c0000000, 0x00000000cd780000, 0x00000000eab00000)
  object space 220672K, 13% used [0x00000000c0000000,0x00000000c1d63318,0x00000000cd780000)
 Metaspace       used 48542K, capacity 50074K, committed 50304K, reserved 1091584K
  class space    used 6631K, capacity 7263K, committed 7296K, reserved 1048576K
}
Event: 22.509 GC heap before
{Heap before GC invocations=12 (full 3):
 PSYoungGen      total 160256K, used 24890K [0x00000000eab00000, 0x00000000f6e00000, 0x0000000100000000)
  eden space 135168K, 0% used [0x00000000eab00000,0x00000000eab00000,0x00000000f2f00000)
  from space 25088K, 99% used [0x00000000f2f00000,0x00000000f474e9a0,0x00000000f4780000)
  to   space 28160K, 0% used [0x00000000f5280000,0x00000000f5280000,0x00000000f6e00000)
 ParOldGen       total 220672K, used 30092K [0x00000000c0000000, 0x00000000cd780000, 0x00000000eab00000)
  object space 220672K, 13% used [0x00000000c0000000,0x00000000c1d63318,0x00000000cd780000)
 Metaspace       used 48542K, capacity 50074K, committed 50304K, reserved 1091584K
  class space    used 6631K, capacity 7263K, committed 7296K, reserved 1048576K
Event: 22.831 GC heap after
Heap after GC invocations=12 (full 3):
 PSYoungGen      total 160256K, used 0K [0x00000000eab00000, 0x00000000f6e00000, 0x0000000100000000)
  eden space 135168K, 0% used [0x00000000eab00000,0x00000000eab00000,0x00000000f2f00000)
  from space 25088K, 0% used [0x00000000f2f00000,0x00000000f2f00000,0x00000000f4780000)
  to   space 28160K, 0% used [0x00000000f5280000,0x00000000f5280000,0x00000000f6e00000)
 ParOldGen       total 220672K, used 42448K [0x00000000c0000000, 0x00000000cd780000, 0x00000000eab00000)
  object space 220672K, 19% used [0x00000000c0000000,0x00000000c29740a0,0x00000000cd780000)
 Metaspace       used 48542K, capacity 50074K, committed 50304K, reserved 1091584K
  class space    used 6631K, capacity 7263K, committed 7296K, reserved 1048576K
}

