# JRE version: Java(TM) SE Runtime Environment (8.0_45-b15) (build 1.8.0_45-b15)
# Java VM: Java HotSpot(TM) 64-Bit Server VM (25.45-b02 mixed mode windows-amd64 compressed oops)
Heap:
 PSYoungGen      total 230912K, used 104079K [0x00000000eab00000, 0x00000000fc900000, 0x0000000100000000)
  eden space 200704K, 47% used [0x00000000eab00000,0x00000000f0853798,0x00000000f6f00000)
  from space 30208K, 28% used [0x00000000f6f00000,0x00000000f7750480,0x00000000f8c80000)
  to   space 28672K, 0% used [0x00000000fad00000,0x00000000fad00000,0x00000000fc900000)
 ParOldGen       total 203264K, used 46406K [0x00000000c0000000, 0x00000000cc680000, 0x00000000eab00000)
  object space 203264K, 22% used [0x00000000c0000000,0x00000000c2d51868,0x00000000cc680000)
 Metaspace       used 47634K, capacity 50344K, committed 50688K, reserved 1091584K
  class space    used 6620K, capacity 7583K, committed 7680K, reserved 1048576K
GC Heap History (10 events):
Event: 10.816 GC heap before
{Heap before GC invocations=10 (full 2):
 PSYoungGen      total 186880K, used 16873K [0x00000000eab00000, 0x00000000f8780000, 0x0000000100000000)
  eden space 169984K, 0% used [0x00000000eab00000,0x00000000eab00000,0x00000000f5100000)
  from space 16896K, 99% used [0x00000000f6580000,0x00000000f75fa5f0,0x00000000f7600000)
  to   space 20992K, 0% used [0x00000000f5100000,0x00000000f5100000,0x00000000f6580000)
 ParOldGen       total 121344K, used 13523K [0x00000000c0000000, 0x00000000c7680000, 0x00000000eab00000)
  object space 121344K, 11% used [0x00000000c0000000,0x00000000c0d34cc8,0x00000000c7680000)
 Metaspace       used 34420K, capacity 35464K, committed 35496K, reserved 1079296K
  class space    used 4601K, capacity 4992K, committed 4992K, reserved 1048576K
Event: 10.978 GC heap after
Heap after GC invocations=10 (full 2):
 PSYoungGen      total 186880K, used 0K [0x00000000eab00000, 0x00000000f8780000, 0x0000000100000000)
  eden space 169984K, 0% used [0x00000000eab00000,0x00000000eab00000,0x00000000f5100000)
  from space 16896K, 0% used [0x00000000f6580000,0x00000000f6580000,0x00000000f7600000)
  to   space 20992K, 0% used [0x00000000f5100000,0x00000000f5100000,0x00000000f6580000)
 ParOldGen       total 203264K, used 24798K [0x00000000c0000000, 0x00000000cc680000, 0x00000000eab00000)
  object space 203264K, 12% used [0x00000000c0000000,0x00000000c1837b88,0x00000000cc680000)
 Metaspace       used 34386K, capacity 35350K, committed 35496K, reserved 1079296K
  class space    used 4595K, capacity 4958K, committed 4992K, reserved 1048576K
}
Event: 13.816 GC heap before
{Heap before GC invocations=11 (full 2):
 PSYoungGen      total 186880K, used 169984K [0x00000000eab00000, 0x00000000f8780000, 0x0000000100000000)
  eden space 169984K, 100% used [0x00000000eab00000,0x00000000f5100000,0x00000000f5100000)
  from space 16896K, 0% used [0x00000000f6580000,0x00000000f6580000,0x00000000f7600000)
  to   space 20992K, 0% used [0x00000000f5100000,0x00000000f5100000,0x00000000f6580000)
 ParOldGen       total 203264K, used 24798K [0x00000000c0000000, 0x00000000cc680000, 0x00000000eab00000)
  object space 203264K, 12% used [0x00000000c0000000,0x00000000c1837b88,0x00000000cc680000)
 Metaspace       used 40571K, capacity 41810K, committed 41984K, reserved 1085440K
  class space    used 5553K, capacity 6036K, committed 6144K, reserved 1048576K
Event: 13.841 GC heap after
Heap after GC invocations=11 (full 2):
 PSYoungGen      total 190976K, used 20966K [0x00000000eab00000, 0x00000000fa580000, 0x0000000100000000)
  eden space 169984K, 0% used [0x00000000eab00000,0x00000000eab00000,0x00000000f5100000)
  from space 20992K, 99% used [0x00000000f5100000,0x00000000f6579a00,0x00000000f6580000)
  to   space 25600K, 0% used [0x00000000f8c80000,0x00000000f8c80000,0x00000000fa580000)
 ParOldGen       total 203264K, used 25643K [0x00000000c0000000, 0x00000000cc680000, 0x00000000eab00000)
  object space 203264K, 12% used [0x00000000c0000000,0x00000000c190af60,0x00000000cc680000)
 Metaspace       used 40571K, capacity 41810K, committed 41984K, reserved 1085440K
  class space    used 5553K, capacity 6036K, committed 6144K, reserved 1048576K
}
Event: 15.290 GC heap before
{Heap before GC invocations=12 (full 2):
 PSYoungGen      total 190976K, used 112359K [0x00000000eab00000, 0x00000000fa580000, 0x0000000100000000)
  eden space 169984K, 53% used [0x00000000eab00000,0x00000000f0440310,0x00000000f5100000)
  from space 20992K, 99% used [0x00000000f5100000,0x00000000f6579a00,0x00000000f6580000)
  to   space 25600K, 0% used [0x00000000f8c80000,0x00000000f8c80000,0x00000000fa580000)
 ParOldGen       total 203264K, used 25643K [0x00000000c0000000, 0x00000000cc680000, 0x00000000eab00000)
  object space 203264K, 12% used [0x00000000c0000000,0x00000000c190af60,0x00000000cc680000)
 Metaspace       used 43909K, capacity 45846K, committed 46080K, reserved 1089536K
  class space    used 6082K, capacity 6796K, committed 6912K, reserved 1048576K
Event: 15.326 GC heap after
Heap after GC invocations=12 (full 2):
 PSYoungGen      total 226304K, used 25570K [0x00000000eab00000, 0x00000000fae80000, 0x0000000100000000)
  eden space 200704K, 0% used [0x00000000eab00000,0x00000000eab00000,0x00000000f6f00000)
  from space 25600K, 99% used [0x00000000f8c80000,0x00000000fa578af0,0x00000000fa580000)
  to   space 30208K, 0% used [0x00000000f6f00000,0x00000000f6f00000,0x00000000f8c80000)
 ParOldGen       total 203264K, used 26247K [0x00000000c0000000, 0x00000000cc680000, 0x00000000eab00000)
  object space 203264K, 12% used [0x00000000c0000000,0x00000000c19a1ef8,0x00000000cc680000)
 Metaspace       used 43909K, capacity 45846K, committed 46080K, reserved 1089536K
  class space    used 6082K, capacity 6796K, committed 6912K, reserved 1048576K
}
Event: 15.326 GC heap before
{Heap before GC invocations=13 (full 3):
 PSYoungGen      total 226304K, used 25570K [0x00000000eab00000, 0x00000000fae80000, 0x0000000100000000)
  eden space 200704K, 0% used [0x00000000eab00000,0x00000000eab00000,0x00000000f6f00000)
  from space 25600K, 99% used [0x00000000f8c80000,0x00000000fa578af0,0x00000000fa580000)
  to   space 30208K, 0% used [0x00000000f6f00000,0x00000000f6f00000,0x00000000f8c80000)
 ParOldGen       total 203264K, used 26247K [0x00000000c0000000, 0x00000000cc680000, 0x00000000eab00000)
  object space 203264K, 12% used [0x00000000c0000000,0x00000000c19a1ef8,0x00000000cc680000)
 Metaspace       used 43909K, capacity 45846K, committed 46080K, reserved 1089536K
  class space    used 6082K, capacity 6796K, committed 6912K, reserved 1048576K
Event: 15.662 GC heap after
Heap after GC invocations=13 (full 3):
 PSYoungGen      total 226304K, used 0K [0x00000000eab00000, 0x00000000fae80000, 0x0000000100000000)
  eden space 200704K, 0% used [0x00000000eab00000,0x00000000eab00000,0x00000000f6f00000)
  from space 25600K, 0% used [0x00000000f8c80000,0x00000000f8c80000,0x00000000fa580000)
  to   space 30208K, 0% used [0x00000000f6f00000,0x00000000f6f00000,0x00000000f8c80000)
 ParOldGen       total 203264K, used 46398K [0x00000000c0000000, 0x00000000cc680000, 0x00000000eab00000)
  object space 203264K, 22% used [0x00000000c0000000,0x00000000c2d4f868,0x00000000cc680000)
 Metaspace       used 43909K, capacity 45846K, committed 46080K, reserved 1089536K
  class space    used 6082K, capacity 6796K, committed 6912K, reserved 1048576K
}
Event: 38.334 GC heap before
{Heap before GC invocations=14 (full 3):
 PSYoungGen      total 226304K, used 200704K [0x00000000eab00000, 0x00000000fae80000, 0x0000000100000000)
  eden space 200704K, 100% used [0x00000000eab00000,0x00000000f6f00000,0x00000000f6f00000)
  from space 25600K, 0% used [0x00000000f8c80000,0x00000000f8c80000,0x00000000fa580000)
  to   space 30208K, 0% used [0x00000000f6f00000,0x00000000f6f00000,0x00000000f8c80000)
 ParOldGen       total 203264K, used 46398K [0x00000000c0000000, 0x00000000cc680000, 0x00000000eab00000)
  object space 203264K, 22% used [0x00000000c0000000,0x00000000c2d4f868,0x00000000cc680000)
 Metaspace       used 46803K, capacity 49152K, committed 49280K, reserved 1091584K
  class space    used 6450K, capacity 7264K, committed 7296K, reserved 1048576K
Event: 38.344 GC heap after
Heap after GC invocations=14 (full 3):
 PSYoungGen      total 230912K, used 8513K [0x00000000eab00000, 0x00000000fc900000, 0x0000000100000000)
  eden space 200704K, 0% used [0x00000000eab00000,0x00000000eab00000,0x00000000f6f00000)
  from space 30208K, 28% used [0x00000000f6f00000,0x00000000f7750480,0x00000000f8c80000)
  to   space 28672K, 0% used [0x00000000fad00000,0x00000000fad00000,0x00000000fc900000)
 ParOldGen       total 203264K, used 46406K [0x00000000c0000000, 0x00000000cc680000, 0x00000000eab00000)
  object space 203264K, 22% used [0x00000000c0000000,0x00000000c2d51868,0x00000000cc680000)
 Metaspace       used 46803K, capacity 49152K, committed 49280K, reserved 1091584K
  class space    used 6450K, capacity 7264K, committed 7296K, reserved 1048576K
}

