# JRE version: Java(TM) SE Runtime Environment (8.0_45-b15) (build 1.8.0_45-b15)
# Java VM: Java HotSpot(TM) 64-Bit Server VM (25.45-b02 mixed mode windows-amd64 compressed oops)
Heap:
 PSYoungGen      total 158208K, used 57055K [0x00000000eab00000, 0x00000000f6d00000, 0x0000000100000000)
  eden space 138240K, 26% used [0x00000000eab00000,0x00000000ecf39890,0x00000000f3200000)
  from space 19968K, 99% used [0x00000000f3200000,0x00000000f457e3f0,0x00000000f4580000)
  to   space 26624K, 0% used [0x00000000f5300000,0x00000000f5300000,0x00000000f6d00000)
 ParOldGen       total 130048K, used 59496K [0x00000000c0000000, 0x00000000c7f00000, 0x00000000eab00000)
  object space 130048K, 45% used [0x00000000c0000000,0x00000000c3a1a2a8,0x00000000c7f00000)
 Metaspace       used 66756K, capacity 75390K, committed 78504K, reserved 1116160K
  class space    used 8669K, capacity 11347K, committed 11944K, reserved 1048576K
GC Heap History (10 events):
Event: 37637.516 GC heap before
{Heap before GC invocations=120 (full 39):
 PSYoungGen      total 148480K, used 10578K [0x00000000eab00000, 0x00000000f4f00000, 0x0000000100000000)
  eden space 132096K, 0% used [0x00000000eab00000,0x00000000eab00000,0x00000000f2c00000)
  from space 16384K, 64% used [0x00000000f2c00000,0x00000000f3654a30,0x00000000f3c00000)
  to   space 16896K, 0% used [0x00000000f3e80000,0x00000000f3e80000,0x00000000f4f00000)
 ParOldGen       total 130048K, used 63367K [0x00000000c0000000, 0x00000000c7f00000, 0x00000000eab00000)
  object space 130048K, 48% used [0x00000000c0000000,0x00000000c3de1e78,0x00000000c7f00000)
 Metaspace       used 68555K, capacity 78278K, committed 78504K, reserved 1116160K
  class space    used 9026K, capacity 11939K, committed 11944K, reserved 1048576K
Event: 37638.098 GC heap after
Heap after GC invocations=120 (full 39):
 PSYoungGen      total 148480K, used 0K [0x00000000eab00000, 0x00000000f4f00000, 0x0000000100000000)
  eden space 132096K, 0% used [0x00000000eab00000,0x00000000eab00000,0x00000000f2c00000)
  from space 16384K, 0% used [0x00000000f2c00000,0x00000000f2c00000,0x00000000f3c00000)
  to   space 16896K, 0% used [0x00000000f3e80000,0x00000000f3e80000,0x00000000f4f00000)
 ParOldGen       total 130048K, used 49438K [0x00000000c0000000, 0x00000000c7f00000, 0x00000000eab00000)
  object space 130048K, 38% used [0x00000000c0000000,0x00000000c3047a60,0x00000000c7f00000)
 Metaspace       used 65237K, capacity 72428K, committed 78504K, reserved 1116160K
  class space    used 8221K, capacity 10351K, committed 11944K, reserved 1048576K
}
Event: 37639.735 GC heap before
{Heap before GC invocations=121 (full 39):
 PSYoungGen      total 148480K, used 132096K [0x00000000eab00000, 0x00000000f4f00000, 0x0000000100000000)
  eden space 132096K, 100% used [0x00000000eab00000,0x00000000f2c00000,0x00000000f2c00000)
  from space 16384K, 0% used [0x00000000f2c00000,0x00000000f2c00000,0x00000000f3c00000)
  to   space 16896K, 0% used [0x00000000f3e80000,0x00000000f3e80000,0x00000000f4f00000)
 ParOldGen       total 130048K, used 49438K [0x00000000c0000000, 0x00000000c7f00000, 0x00000000eab00000)
  object space 130048K, 38% used [0x00000000c0000000,0x00000000c3047a60,0x00000000c7f00000)
 Metaspace       used 65772K, capacity 73386K, committed 78504K, reserved 1116160K
  class space    used 8358K, capacity 10642K, committed 11944K, reserved 1048576K
Event: 37639.755 GC heap after
Heap after GC invocations=121 (full 39):
 PSYoungGen      total 151040K, used 10573K [0x00000000eab00000, 0x00000000f5300000, 0x0000000100000000)
  eden space 134144K, 0% used [0x00000000eab00000,0x00000000eab00000,0x00000000f2e00000)
  from space 16896K, 62% used [0x00000000f3e80000,0x00000000f48d3500,0x00000000f4f00000)
  to   space 16896K, 0% used [0x00000000f2e00000,0x00000000f2e00000,0x00000000f3e80000)
 ParOldGen       total 130048K, used 49438K [0x00000000c0000000, 0x00000000c7f00000, 0x00000000eab00000)
  object space 130048K, 38% used [0x00000000c0000000,0x00000000c3047a60,0x00000000c7f00000)
 Metaspace       used 65772K, capacity 73386K, committed 78504K, reserved 1116160K
  class space    used 8358K, capacity 10642K, committed 11944K, reserved 1048576K
}
Event: 37680.979 GC heap before
{Heap before GC invocations=122 (full 39):
 PSYoungGen      total 151040K, used 144717K [0x00000000eab00000, 0x00000000f5300000, 0x0000000100000000)
  eden space 134144K, 100% used [0x00000000eab00000,0x00000000f2e00000,0x00000000f2e00000)
  from space 16896K, 62% used [0x00000000f3e80000,0x00000000f48d3500,0x00000000f4f00000)
  to   space 16896K, 0% used [0x00000000f2e00000,0x00000000f2e00000,0x00000000f3e80000)
 ParOldGen       total 130048K, used 49438K [0x00000000c0000000, 0x00000000c7f00000, 0x00000000eab00000)
  object space 130048K, 38% used [0x00000000c0000000,0x00000000c3047a60,0x00000000c7f00000)
 Metaspace       used 66221K, capacity 74404K, committed 78504K, reserved 1116160K
  class space    used 8532K, capacity 11022K, committed 11944K, reserved 1048576K
Event: 37681.006 GC heap after
Heap after GC invocations=122 (full 39):
 PSYoungGen      total 151040K, used 16871K [0x00000000eab00000, 0x00000000f5a00000, 0x0000000100000000)
  eden space 134144K, 0% used [0x00000000eab00000,0x00000000eab00000,0x00000000f2e00000)
  from space 16896K, 99% used [0x00000000f2e00000,0x00000000f3e79d30,0x00000000f3e80000)
  to   space 19968K, 0% used [0x00000000f4680000,0x00000000f4680000,0x00000000f5a00000)
 ParOldGen       total 130048K, used 50116K [0x00000000c0000000, 0x00000000c7f00000, 0x00000000eab00000)
  object space 130048K, 38% used [0x00000000c0000000,0x00000000c30f1298,0x00000000c7f00000)
 Metaspace       used 66221K, capacity 74404K, committed 78504K, reserved 1116160K
  class space    used 8532K, capacity 11022K, committed 11944K, reserved 1048576K
}
Event: 37732.604 GC heap before
{Heap before GC invocations=123 (full 39):
 PSYoungGen      total 151040K, used 151015K [0x00000000eab00000, 0x00000000f5a00000, 0x0000000100000000)
  eden space 134144K, 100% used [0x00000000eab00000,0x00000000f2e00000,0x00000000f2e00000)
  from space 16896K, 99% used [0x00000000f2e00000,0x00000000f3e79d30,0x00000000f3e80000)
  to   space 19968K, 0% used [0x00000000f4680000,0x00000000f4680000,0x00000000f5a00000)
 ParOldGen       total 130048K, used 50116K [0x00000000c0000000, 0x00000000c7f00000, 0x00000000eab00000)
  object space 130048K, 38% used [0x00000000c0000000,0x00000000c30f1298,0x00000000c7f00000)
 Metaspace       used 66401K, capacity 74792K, committed 78504K, reserved 1116160K
  class space    used 8562K, capacity 11116K, committed 11944K, reserved 1048576K
Event: 37732.621 GC heap after
Heap after GC invocations=123 (full 39):
 PSYoungGen      total 157184K, used 11248K [0x00000000eab00000, 0x00000000f5900000, 0x0000000100000000)
  eden space 138240K, 0% used [0x00000000eab00000,0x00000000eab00000,0x00000000f3200000)
  from space 18944K, 59% used [0x00000000f4680000,0x00000000f517c010,0x00000000f5900000)
  to   space 19968K, 0% used [0x00000000f3200000,0x00000000f3200000,0x00000000f4580000)
 ParOldGen       total 130048K, used 50124K [0x00000000c0000000, 0x00000000c7f00000, 0x00000000eab00000)
  object space 130048K, 38% used [0x00000000c0000000,0x00000000c30f3298,0x00000000c7f00000)
 Metaspace       used 66401K, capacity 74792K, committed 78504K, reserved 1116160K
  class space    used 8562K, capacity 11116K, committed 11944K, reserved 1048576K
}
Event: 37735.272 GC heap before
{Heap before GC invocations=124 (full 39):
 PSYoungGen      total 157184K, used 149488K [0x00000000eab00000, 0x00000000f5900000, 0x0000000100000000)
  eden space 138240K, 100% used [0x00000000eab00000,0x00000000f3200000,0x00000000f3200000)
  from space 18944K, 59% used [0x00000000f4680000,0x00000000f517c010,0x00000000f5900000)
  to   space 19968K, 0% used [0x00000000f3200000,0x00000000f3200000,0x00000000f4580000)
 ParOldGen       total 130048K, used 50124K [0x00000000c0000000, 0x00000000c7f00000, 0x00000000eab00000)
  object space 130048K, 38% used [0x00000000c0000000,0x00000000c30f3298,0x00000000c7f00000)
 Metaspace       used 66501K, capacity 74966K, committed 78504K, reserved 1116160K
  class space    used 8580K, capacity 11145K, committed 11944K, reserved 1048576K
Event: 37735.306 GC heap after
Heap after GC invocations=124 (full 39):
 PSYoungGen      total 158208K, used 19960K [0x00000000eab00000, 0x00000000f6d00000, 0x0000000100000000)
  eden space 138240K, 0% used [0x00000000eab00000,0x00000000eab00000,0x00000000f3200000)
  from space 19968K, 99% used [0x00000000f3200000,0x00000000f457e3f0,0x00000000f4580000)
  to   space 26624K, 0% used [0x00000000f5300000,0x00000000f5300000,0x00000000f6d00000)
 ParOldGen       total 130048K, used 59496K [0x00000000c0000000, 0x00000000c7f00000, 0x00000000eab00000)
  object space 130048K, 45% used [0x00000000c0000000,0x00000000c3a1a2a8,0x00000000c7f00000)
 Metaspace       used 66501K, capacity 74966K, committed 78504K, reserved 1116160K
  class space    used 8580K, capacity 11145K, committed 11944K, reserved 1048576K
}

